<?xml version="1.0" encoding="UTF-8"?>
<testng-results ignored="0" total="1" passed="1" failed="0" skipped="0">
  <reporter-output>
  </reporter-output>
  <suite started-at="2023-08-12T16:48:43 IST" name="Surefire suite" finished-at="2023-08-12T16:48:48 IST" duration-ms="5203">
    <groups>
    </groups>
    <test started-at="2023-08-12T16:48:43 IST" name="Surefire test" finished-at="2023-08-12T16:48:48 IST" duration-ms="5203">
      <class name="testCases.AccountRegistrationTest">
        <test-method is-config="true" signature="setup()[pri:0, instance:testCases.AccountRegistrationTest@f0da945]" started-at="2023-08-12T16:48:43 IST" name="setup" finished-at="2023-08-12T16:48:47 IST" duration-ms="4056" status="PASS">
          <reporter-output>
          </reporter-output>
        </test-method> <!-- setup -->
        <test-method signature="TC3_Login()[pri:0, instance:testCases.AccountRegistrationTest@f0da945]" started-at="2023-08-12T16:48:47 IST" name="TC3_Login" finished-at="2023-08-12T16:48:48 IST" duration-ms="906" status="PASS">
          <reporter-output>
          </reporter-output>
        </test-method> <!-- TC3_Login -->
        <test-method is-config="true" signature="tearDown()[pri:0, instance:testCases.AccountRegistrationTest@f0da945]" started-at="2023-08-12T16:48:48 IST" name="tearDown" finished-at="2023-08-12T16:48:48 IST" duration-ms="189" status="PASS">
          <reporter-output>
          </reporter-output>
        </test-method> <!-- tearDown -->
      </class> <!-- testCases.AccountRegistrationTest -->
    </test> <!-- Surefire test -->
  </suite> <!-- Surefire suite -->
</testng-results>
